\BOOKMARK [0][-]{titulo.0}{P\341gina de T\355tulo}{}% 1
\BOOKMARK [0][-]{indices.0}{\315ndices}{}% 2
\BOOKMARK [1][-]{tabla de contenidos.1}{Tabla de Contenidos}{indices.0}% 3
\BOOKMARK [1][-]{indice de figuras.1}{\315ndice de figuras}{indices.0}% 4
\BOOKMARK [1][-]{indice de tablas.1}{\315ndice de tablas}{indices.0}% 5
\BOOKMARK [0][-]{chapter.9}{Introducci\363n}{}% 6
\BOOKMARK [1][-]{section.10}{Motivaci\363n}{chapter.9}% 7
\BOOKMARK [1][-]{section.12}{Objetivos}{chapter.9}% 8
\BOOKMARK [1][-]{section.13}{Estructura de la memoria}{chapter.9}% 9
\BOOKMARK [0][-]{chapter.14}{Introduction}{}% 10
\BOOKMARK [1][-]{section.15}{Motivation}{chapter.14}% 11
\BOOKMARK [1][-]{section.17}{Objectives}{chapter.14}% 12
\BOOKMARK [1][-]{section.18}{Document structure}{chapter.14}% 13
\BOOKMARK [0][-]{chapter.19}{Estado de la Cuesti\363n}{}% 14
\BOOKMARK [1][-]{section.20}{Sistemas Aumentativos y Alternativos de Comunicaci\363n}{chapter.19}% 15
\BOOKMARK [1][-]{section.22}{Pictogramas}{chapter.19}% 16
\BOOKMARK [2][-]{subsection.29}{Sistema Pictogr\341fico de Comunicaci\363n - SPC}{section.22}% 17
\BOOKMARK [2][-]{subsection.32}{Blissymbolics}{section.22}% 18
\BOOKMARK [2][-]{subsection.36}{Sclera}{section.22}% 19
\BOOKMARK [2][-]{subsection.39}{Mulberry Symbols}{section.22}% 20
\BOOKMARK [2][-]{subsection.46}{Minspeak}{section.22}% 21
\BOOKMARK [2][-]{subsection.51}{ARASAAC}{section.22}% 22
\BOOKMARK [1][-]{section.58}{Aplicaciones basadas en pictogramas}{chapter.19}% 23
\BOOKMARK [2][-]{subsection.63}{Pictoselector}{section.58}% 24
\BOOKMARK [2][-]{subsection.68}{Editor ARASAAC}{section.58}% 25
\BOOKMARK [2][-]{subsection.74}{Piktoplus}{section.58}% 26
\BOOKMARK [2][-]{subsection.79}{Pictar}{section.58}% 27
\BOOKMARK [2][-]{subsection.84}{PicTableros}{section.58}% 28
\BOOKMARK [2][-]{subsection.88}{Symbo Talk}{section.58}% 29
\BOOKMARK [2][-]{subsection.91}{LetMe Talk}{section.58}% 30
\BOOKMARK [2][-]{subsection.94}{Jocomunico}{section.58}% 31
\BOOKMARK [1][-]{section.97}{Comparativa de las herramientas analizadas}{chapter.19}% 32
\BOOKMARK [0][-]{chapter.99}{Tecnolog\355as}{}% 33
\BOOKMARK [1][-]{section.100}{Introducci\363n}{chapter.99}% 34
\BOOKMARK [1][-]{section.102}{API Arasaac}{chapter.99}% 35
\BOOKMARK [2][-]{subsection.106}{Prototipo API ARASAAC}{section.102}% 36
\BOOKMARK [1][-]{section.107}{React}{chapter.99}% 37
\BOOKMARK [2][-]{subsection.108}{Drag and Drop}{section.107}% 38
\BOOKMARK [2][-]{subsection.110}{Prototipos}{section.107}% 39
\BOOKMARK [1][-]{section.112}{JSZip}{chapter.99}% 40
\BOOKMARK [1][-]{section.114}{Progressive Web Application}{chapter.99}% 41
\BOOKMARK [0][-]{chapter.117}{Requisitos y dise\361o}{}% 42
\BOOKMARK [1][-]{section.118}{Introducci\363n}{chapter.117}% 43
\BOOKMARK [1][-]{section.119}{Dise\361o de la aplicaci\363n}{chapter.117}% 44
\BOOKMARK [2][-]{subsection.120}{Prototipo realizado por Alfonso}{section.119}% 45
\BOOKMARK [2][-]{subsection.129}{Prototipo realizado por Jorge}{section.119}% 46
\BOOKMARK [1][-]{section.135}{Requisitos de la aplicaci\363n}{chapter.117}% 47
\BOOKMARK [2][-]{subsection.136}{Herramientas}{section.135}% 48
\BOOKMARK [2][-]{subsection.137}{Elementos}{section.135}% 49
\BOOKMARK [1][-]{section.138}{Reglas de dise\361o}{chapter.117}% 50
\BOOKMARK [0][-]{chapter.140}{PictUp! Arquitectura e implementaci\363n}{}% 51
\BOOKMARK [1][-]{section.141}{Introducci\363n}{chapter.140}% 52
\BOOKMARK [1][-]{section.142}{Arquitectura}{chapter.140}% 53
\BOOKMARK [2][-]{subsection.143}{Arquitectura interna}{section.142}% 54
\BOOKMARK [2][-]{subsection.148}{Arquitectura externa}{section.142}% 55
\BOOKMARK [2][-]{subsection.152}{Cuadr\355cula}{section.142}% 56
\BOOKMARK [1][-]{section.155}{Buscador de pictogramas}{chapter.140}% 57
\BOOKMARK [2][-]{subsection.157}{B\372squeda}{section.155}% 58
\BOOKMARK [2][-]{subsection.159}{Preajuste}{section.155}% 59
\BOOKMARK [2][-]{subsection.166}{Historial de pictos}{section.155}% 60
\BOOKMARK [2][-]{subsection.168}{PictoItem}{section.155}% 61
\BOOKMARK [2][-]{subsection.175}{Reglas de dise\361o de usabilidad}{section.155}% 62
\BOOKMARK [1][-]{section.176}{Traducir frase a pictogramas}{chapter.140}% 63
\BOOKMARK [2][-]{subsection.179}{FraseItem}{section.176}% 64
\BOOKMARK [2][-]{subsection.183}{Reglas de dise\361o de usabilidad}{section.176}% 65
\BOOKMARK [1][-]{section.184}{A\361adir imagen al tablero}{chapter.140}% 66
\BOOKMARK [2][-]{subsection.188}{PhotoItem}{section.184}% 67
\BOOKMARK [2][-]{subsection.191}{Reglas de dise\361o de usabilidad}{section.184}% 68
\BOOKMARK [1][-]{section.192}{Listas de pictogramas}{chapter.140}% 69
\BOOKMARK [2][-]{subsection.193}{A\361adir y crear a una lista}{section.192}% 70
\BOOKMARK [2][-]{subsection.197}{Gesti\363n de listas de pictogramas}{section.192}% 71
\BOOKMARK [2][-]{subsection.199}{Reglas de dise\361o de usabilidad}{section.192}% 72
\BOOKMARK [1][-]{section.200}{Texto}{chapter.140}% 73
\BOOKMARK [2][-]{subsection.202}{TextoItem}{section.200}% 74
\BOOKMARK [2][-]{subsection.205}{Reglas de dise\361o de usabilidad}{section.200}% 75
\BOOKMARK [1][-]{section.206}{Iconos}{chapter.140}% 76
\BOOKMARK [2][-]{subsection.211}{IconoItem}{section.206}% 77
\BOOKMARK [2][-]{subsection.212}{Reglas de dise\361o de usabilidad}{section.206}% 78
\BOOKMARK [1][-]{section.213}{Descargar Tablero}{chapter.140}% 79
\BOOKMARK [1][-]{section.216}{Funcionalidades no implementadas}{chapter.140}% 80
\BOOKMARK [2][-]{subsection.217}{Traducci\363n de frase}{section.216}% 81
\BOOKMARK [2][-]{subsection.221}{Backend}{section.216}% 82
\BOOKMARK [2][-]{subsection.225}{A\361adir imagen}{section.216}% 83
\BOOKMARK [2][-]{subsection.229}{Subtableros y caj\363n de pictogramas}{section.216}% 84
\BOOKMARK [1][-]{section.230}{Despliegue de la aplicaci\363n}{chapter.140}% 85
\BOOKMARK [1][-]{section.237}{Control de versiones y organizaci\363n del desarrollo de PictUp!}{chapter.140}% 86
\BOOKMARK [0][-]{chapter.239}{Evaluaci\363n}{}% 87
\BOOKMARK [1][-]{section.240}{Preparaci\363n de la evaluaci\363n}{chapter.239}% 88
\BOOKMARK [1][-]{section.242}{Dise\361o de la evaluaci\363n}{chapter.239}% 89
\BOOKMARK [1][-]{section.259}{Resultados de la evaluaci\363n}{chapter.239}% 90
\BOOKMARK [2][-]{subsection.261}{Resultados del cuestionario ASQ}{section.259}% 91
\BOOKMARK [2][-]{subsection.266}{Resultados del cuestionario SUS}{section.259}% 92
\BOOKMARK [2][-]{subsection.269}{Observaciones de los usuarios}{section.259}% 93
\BOOKMARK [1][-]{section.270}{Evaluaci\363n adicional}{chapter.239}% 94
\BOOKMARK [1][-]{section.271}{An\341lisis de los resultados}{chapter.239}% 95
\BOOKMARK [0][-]{chapter.273}{Conclusiones y Trabajo Futuro}{}% 96
\BOOKMARK [1][-]{section.274}{Conclusiones}{chapter.273}% 97
\BOOKMARK [1][-]{section.275}{Trabajo futuro}{chapter.273}% 98
\BOOKMARK [0][-]{chapter.276}{Conclusions and Future Work}{}% 99
\BOOKMARK [0][-]{chapter.277}{Aportaciones individuales al proyecto}{}% 100
\BOOKMARK [1][-]{section.278}{Alfonso Tercero L\363pez}{chapter.277}% 101
\BOOKMARK [1][-]{section.279}{Jorge Garc\355a Cerros}{chapter.277}% 102
\BOOKMARK [0][-]{appendix.280}{T\355tulo}{}% 103
\BOOKMARK [0][-]{appendix.281}{T\355tulo}{}% 104
\BOOKMARK [0][-]{appendix*.282}{Bibliograf\355a}{}% 105
\BOOKMARK [0][-]{fin.0}{Fin}{}% 106
