This is pdfTeX, Version 3.14159265-2.6-1.40.19 (MiKTeX 2.9.6840 64-bit) (preloaded format=pdflatex 2018.10.18)  8 NOV 2020 18:22
entering extended mode
**./TFMTeXiS.tex
(TFMTeXiS.tex
LaTeX2e <2018-04-01> patch level 5
("C:\Program Files\MiKTeX 2.9\tex\latex\base\book.cls"
Document Class: book 2014/09/29 v1.4h Standard LaTeX document class
("C:\Program Files\MiKTeX 2.9\tex\latex\base\bk11.clo"
File: bk11.clo 2014/09/29 v1.4h Standard LaTeX file (size option)
)
\c@part=\count80
\c@chapter=\count81
\c@section=\count82
\c@subsection=\count83
\c@subsubsection=\count84
\c@paragraph=\count85
\c@subparagraph=\count86
\c@figure=\count87
\c@table=\count88
\abovecaptionskip=\skip41
\belowcaptionskip=\skip42
\bibindent=\dimen102
)
\@input{config.aux}
\openout2 = `config.aux'.

(config.tex) (TeXiS/TeXiS.sty
Package: TeXiS/TeXiS 

("C:\Program Files\MiKTeX 2.9\tex\latex\tools\verbatim.sty"
Package: verbatim 2014/10/28 v1.5q LaTeX2e package for verbatim enhancements
\every@verbatim=\toks14
\verbatim@line=\toks15
\verbatim@in@stream=\read1
)
\example@out=\write3

\@input{TeXiS/TeXiS_pream.aux}
\openout2 = `TeXiS/TeXiS_pream.aux'.

(TeXiS/TeXiS_pream.tex ("C:\Program Files\MiKTeX 2.9\tex\latex\base\shortvrb.st
y"
Package: shortvrb 2018/02/01 v2.1h Standard LaTeX documentation package (FMi)
) ("C:\Program Files\MiKTeX 2.9\tex\latex\base\inputenc.sty"
Package: inputenc 2018/04/06 v1.3b Input encoding file
\inpenc@prehook=\toks16
\inpenc@posthook=\toks17
)
("C:\Program Files\MiKTeX 2.9\tex\latex\natbib\natbib.sty"
Package: natbib 2010/09/13 8.31b (PWD, AO)
\bibhang=\skip43
\bibsep=\skip44
LaTeX Info: Redefining \cite on input line 694.
\c@NAT@ctr=\count89
)
("C:\Program Files\MiKTeX 2.9\tex\generic\babel\babel.sty"
Package: babel 2018/10/03 3.25 The Babel package

("C:\Program Files\MiKTeX 2.9\tex\generic\babel\switch.def"
File: switch.def 2018/10/03 3.25 Babel switching mechanism
)
*************************************
* Local config file bblopts.cfg used
*
("C:\Program Files\MiKTeX 2.9\tex\latex\arabi\bblopts.cfg"
File: bblopts.cfg 2005/09/08 v0.1 add Arabic and Farsi to "declared" options of
 babel
)
("C:\Program Files\MiKTeX 2.9\tex\latex\babel-english\english.ldf"
Language: english 2017/06/06 v3.3r English support from the babel system

("C:\Program Files\MiKTeX 2.9\tex\generic\babel\babel.def"
File: babel.def 2018/10/03 3.25 Babel common definitions
\babel@savecnt=\count90
\U@D=\dimen103

("C:\Program Files\MiKTeX 2.9\tex\generic\babel\txtbabel.def")
\bbl@dirlevel=\count91
)
\l@canadian = a dialect from \language\l@american 
\l@australian = a dialect from \language\l@british 
\l@newzealand = a dialect from \language\l@british 
)
("C:\Program Files\MiKTeX 2.9\tex\latex\babel-spanish\spanish.ldf"
Language: spanish.ldf 2016/03/03 v5.0p Spanish support from the babel system
\es@quottoks=\toks18
\es@quotdepth=\count92
Package babel Info: Making " an active character on input line 561.
Package babel Info: Making . an active character on input line 662.
Package babel Info: Making < an active character on input line 707.
Package babel Info: Making > an active character on input line 707.
Package babel Info: Making ' an active character on input line 725.
))
("C:\Program Files\MiKTeX 2.9\tex\latex\url\url.sty"
\Urlmuskip=\muskip10
Package: url 2013/09/16  ver 3.4  Verb mode for urls, etc.
)
("C:\Program Files\MiKTeX 2.9\tex\generic\oberdiek\ifpdf.sty"
Package: ifpdf 2018/09/07 v3.3 Provides the ifpdf switch
)
("C:\Program Files\MiKTeX 2.9\tex\latex\fncychap\fncychap.sty"
Package: fncychap 2007/07/30 v1.34 LaTeX package (Revised chapters)
\RW=\skip45
\mylen=\skip46
\myhi=\skip47
\px=\skip48
\py=\skip49
\pyy=\skip50
\pxx=\skip51
)
("C:\Program Files\MiKTeX 2.9\tex\latex\hyperref\hyperref.sty"
Package: hyperref 2018/09/30 v6.88a Hypertext links for LaTeX

("C:\Program Files\MiKTeX 2.9\tex\generic\oberdiek\hobsub-hyperref.sty"
Package: hobsub-hyperref 2016/05/16 v1.14 Bundle oberdiek, subset hyperref (HO)


("C:\Program Files\MiKTeX 2.9\tex\generic\oberdiek\hobsub-generic.sty"
Package: hobsub-generic 2016/05/16 v1.14 Bundle oberdiek, subset generic (HO)
Package: hobsub 2016/05/16 v1.14 Construct package bundles (HO)
Package: infwarerr 2016/05/16 v1.4 Providing info/warning/error messages (HO)
Package: ltxcmds 2016/05/16 v1.23 LaTeX kernel commands for general use (HO)
Package: ifluatex 2016/05/16 v1.4 Provides the ifluatex switch (HO)
Package ifluatex Info: LuaTeX not detected.
Package: ifvtex 2016/05/16 v1.6 Detect VTeX and its facilities (HO)
Package ifvtex Info: VTeX not detected.
Package: intcalc 2016/05/16 v1.2 Expandable calculations with integers (HO)
Package hobsub Info: Skipping package `ifpdf' (already loaded).
Package: etexcmds 2016/05/16 v1.6 Avoid name clashes with e-TeX commands (HO)
Package etexcmds Info: Could not find \expanded.
(etexcmds)             That can mean that you are not using pdfTeX 1.50 or
(etexcmds)             that some package has redefined \expanded.
(etexcmds)             In the latter case, load this package earlier.
Package: kvsetkeys 2016/05/16 v1.17 Key value parser (HO)
Package: kvdefinekeys 2016/05/16 v1.4 Define keys (HO)
Package: pdftexcmds 2018/09/10 v0.29 Utility functions of pdfTeX for LuaTeX (HO
)
Package pdftexcmds Info: LuaTeX not detected.
Package pdftexcmds Info: \pdf@primitive is available.
Package pdftexcmds Info: \pdf@ifprimitive is available.
Package pdftexcmds Info: \pdfdraftmode found.
Package: pdfescape 2016/05/16 v1.14 Implements pdfTeX's escape features (HO)
Package: bigintcalc 2016/05/16 v1.4 Expandable calculations on big integers (HO
)
Package: bitset 2016/05/16 v1.2 Handle bit-vector datatype (HO)
Package: uniquecounter 2016/05/16 v1.3 Provide unlimited unique counter (HO)
)
Package hobsub Info: Skipping package `hobsub' (already loaded).
Package: letltxmacro 2016/05/16 v1.5 Let assignment for LaTeX macros (HO)
Package: hopatch 2016/05/16 v1.3 Wrapper for package hooks (HO)
Package: xcolor-patch 2016/05/16 xcolor patch
Package: atveryend 2016/05/16 v1.9 Hooks at the very end of document (HO)
Package atveryend Info: \enddocument detected (standard20110627).
Package: atbegshi 2016/06/09 v1.18 At begin shipout hook (HO)
Package: refcount 2016/05/16 v3.5 Data extraction from label references (HO)
Package: hycolor 2016/05/16 v1.8 Color options for hyperref/bookmark (HO)
)
("C:\Program Files\MiKTeX 2.9\tex\latex\graphics\keyval.sty"
Package: keyval 2014/10/28 v1.15 key=value parser (DPC)
\KV@toks@=\toks19
)
("C:\Program Files\MiKTeX 2.9\tex\generic\ifxetex\ifxetex.sty"
Package: ifxetex 2010/09/12 v0.6 Provides ifxetex conditional
)
("C:\Program Files\MiKTeX 2.9\tex\latex\oberdiek\auxhook.sty"
Package: auxhook 2016/05/16 v1.4 Hooks for auxiliary files (HO)
)
("C:\Program Files\MiKTeX 2.9\tex\latex\oberdiek\kvoptions.sty"
Package: kvoptions 2016/05/16 v3.12 Key value format for package options (HO)
)
\@linkdim=\dimen104
\Hy@linkcounter=\count93
\Hy@pagecounter=\count94

("C:\Program Files\MiKTeX 2.9\tex\latex\hyperref\pd1enc.def"
File: pd1enc.def 2018/09/30 v6.88a Hyperref: PDFDocEncoding definition (HO)
Now handling font encoding PD1 ...
... no UTF-8 mapping file for font encoding PD1
)
\Hy@SavedSpaceFactor=\count95

("C:\Program Files\MiKTeX 2.9\tex\latex\00miktex\hyperref.cfg"
File: hyperref.cfg 2002/06/06 v1.2 hyperref configuration of TeXLive
)

Package hyperref Warning: Invalid value `0'
(hyperref)                for option `pdfborder'.
(hyperref)                Option setting is ignored on input line 4409.

Package hyperref Info: Option `hyperindex' set `true' on input line 4409.
Package hyperref Info: Option `pdfpagelabels' set `true' on input line 4409.
Package hyperref Info: Option `hypertexnames' set `false' on input line 4409.
Package hyperref Info: Hyper figures OFF on input line 4535.
Package hyperref Info: Link nesting OFF on input line 4540.
Package hyperref Info: Hyper index ON on input line 4543.
Package hyperref Info: Plain pages OFF on input line 4550.
Package hyperref Info: Backreferencing OFF on input line 4555.
Package hyperref Info: Implicit mode ON; LaTeX internals redefined.
Package hyperref Info: Bookmarks ON on input line 4788.
\c@Hy@tempcnt=\count96
LaTeX Info: Redefining \url on input line 5141.
\XeTeXLinkMargin=\dimen105
\Fld@menulength=\count97
\Field@Width=\dimen106
\Fld@charsize=\dimen107
Package hyperref Info: Hyper figures OFF on input line 6396.
Package hyperref Info: Link nesting OFF on input line 6401.
Package hyperref Info: Hyper index ON on input line 6404.
Package hyperref Info: backreferencing OFF on input line 6411.
Package hyperref Info: Link coloring OFF on input line 6416.
Package hyperref Info: Link coloring with OCG OFF on input line 6421.
Package hyperref Info: PDF/A mode OFF on input line 6426.
LaTeX Info: Redefining \ref on input line 6466.
LaTeX Info: Redefining \pageref on input line 6470.
\Hy@abspage=\count98
\c@Item=\count99
\c@Hfootnote=\count100
)
Package hyperref Info: Driver (autodetected): hpdftex.
 ("C:\Program Files\MiKTeX 2.9\tex\latex\hyperref\hpdftex.def"
File: hpdftex.def 2018/09/30 v6.88a Hyperref driver for pdfTeX
\Fld@listcount=\count101
\c@bookmark@seq@number=\count102

("C:\Program Files\MiKTeX 2.9\tex\latex\oberdiek\rerunfilecheck.sty"
Package: rerunfilecheck 2016/05/16 v1.8 Rerun checks for auxiliary files (HO)
Package uniquecounter Info: New unique counter `rerunfilecheck' on input line 2
82.
)
\Hy@SectionHShift=\skip52
)
Package hyperref Info: Option `colorlinks' set `false' on input line 290.

("C:\Program Files\MiKTeX 2.9\tex\latex\base\makeidx.sty"
Package: makeidx 2014/09/29 v1.0m Standard LaTeX package
)
\@indexfile=\write4
\openout4 = `TFMTeXiS.idx'.


Writing index file TFMTeXiS.idx
("C:\Program Files\MiKTeX 2.9\tex\latex\tools\multicol.sty"
Package: multicol 2018/04/20 v1.8s multicolumn formatting (FMi)
\c@tracingmulticols=\count103
\mult@box=\box26
\multicol@leftmargin=\dimen108
\c@unbalance=\count104
\c@collectmore=\count105
\doublecol@number=\count106
\multicoltolerance=\count107
\multicolpretolerance=\count108
\full@width=\dimen109
\page@free=\dimen110
\premulticols=\dimen111
\postmulticols=\dimen112
\multicolsep=\skip53
\multicolbaselineskip=\skip54
\partial@page=\box27
\last@line=\box28
\maxbalancingoverflow=\dimen113
\mult@rightbox=\box29
\mult@grightbox=\box30
\mult@gfirstbox=\box31
\mult@firstbox=\box32
\@tempa=\box33
\@tempa=\box34
\@tempa=\box35
\@tempa=\box36
\@tempa=\box37
\@tempa=\box38
\@tempa=\box39
\@tempa=\box40
\@tempa=\box41
\@tempa=\box42
\@tempa=\box43
\@tempa=\box44
\@tempa=\box45
\@tempa=\box46
\@tempa=\box47
\@tempa=\box48
\@tempa=\box49
\c@columnbadness=\count109
\c@finalcolumnbadness=\count110
\last@try=\dimen114
\multicolovershoot=\dimen115
\multicolundershoot=\dimen116
\mult@nat@firstbox=\box50
\colbreak@box=\box51
\mc@col@check@num=\count111
)
("C:\Program Files\MiKTeX 2.9\tex\latex\subfig\subfig.sty"
Package: subfig 2005/06/28 ver: 1.3 subfig package

("C:\Program Files\MiKTeX 2.9\tex\latex\caption\caption.sty"
Package: caption 2018/10/06 v3.3-154 Customizing captions (AR)

("C:\Program Files\MiKTeX 2.9\tex\latex\caption\caption3.sty"
Package: caption3 2018/09/12 v1.8c caption3 kernel (AR)
Package caption3 Info: TeX engine: e-TeX on input line 64.
\captionmargin=\dimen117
\captionmargin@=\dimen118
\captionwidth=\dimen119
\caption@tempdima=\dimen120
\caption@indent=\dimen121
\caption@parindent=\dimen122
\caption@hangindent=\dimen123
)
\c@caption@flags=\count112
\c@ContinuedFloat=\count113
Package caption Info: hyperref package is loaded.
)
\c@KVtest=\count114
\sf@farskip=\skip55
\sf@captopadj=\dimen124
\sf@capskip=\skip56
\sf@nearskip=\skip57
\c@subfigure=\count115
\c@subfigure@save=\count116
\c@lofdepth=\count117
\c@subtable=\count118
\c@subtable@save=\count119
\c@lotdepth=\count120
\sf@top=\skip58
\sf@bottom=\skip59
)
\sf@box=\box52

("C:\Program Files\MiKTeX 2.9\tex\latex\listings\listings.sty"
\lst@mode=\count121
\lst@gtempboxa=\box53
\lst@token=\toks20
\lst@length=\count122
\lst@currlwidth=\dimen125
\lst@column=\count123
\lst@pos=\count124
\lst@lostspace=\dimen126
\lst@width=\dimen127
\lst@newlines=\count125
\lst@lineno=\count126
\lst@maxwidth=\dimen128

("C:\Program Files\MiKTeX 2.9\tex\latex\listings\lstmisc.sty"
File: lstmisc.sty 2018/09/02 1.7 (Carsten Heinz)
\c@lstnumber=\count127
\lst@skipnumbers=\count128
\lst@framebox=\box54
)
("C:\Program Files\MiKTeX 2.9\tex\latex\listings\listings.cfg"
File: listings.cfg 2018/09/02 1.7 listings configuration
))
Package: listings 2018/09/02 1.7 (Carsten Heinz)

("C:\Program Files\MiKTeX 2.9\tex\latex\tools\tabularx.sty"
Package: tabularx 2016/02/03 v2.11b `tabularx' package (DPC)

("C:\Program Files\MiKTeX 2.9\tex\latex\tools\array.sty"
Package: array 2018/04/30 v2.4h Tabular extension package (FMi)
\col@sep=\dimen129
\ar@mcellbox=\box55
\extrarowheight=\dimen130
\NC@list=\toks21
\extratabsurround=\skip60
\backup@length=\skip61
\ar@cellbox=\box56
)
\TX@col@width=\dimen131
\TX@old@table=\dimen132
\TX@old@col=\dimen133
\TX@target=\dimen134
\TX@delta=\dimen135
\TX@cols=\count129
\TX@ftn=\toks22
)
("C:\Program Files\MiKTeX 2.9\tex\latex\base\fontenc.sty"
Package: fontenc 2017/04/05 v2.0i Standard LaTeX package

("C:\Program Files\MiKTeX 2.9\tex\latex\base\t1enc.def"
File: t1enc.def 2017/04/05 v2.0i Standard LaTeX file
LaTeX Font Info:    Redeclaring font encoding T1 on input line 48.
))
("C:\Program Files\MiKTeX 2.9\tex\latex\graphics\epsfig.sty"
Package: epsfig 2017/06/25 v1.7b (e)psfig emulation (SPQR)

("C:\Program Files\MiKTeX 2.9\tex\latex\graphics\graphicx.sty"
Package: graphicx 2017/06/01 v1.1a Enhanced LaTeX Graphics (DPC,SPQR)

("C:\Program Files\MiKTeX 2.9\tex\latex\graphics\graphics.sty"
Package: graphics 2017/06/25 v1.2c Standard LaTeX Graphics (DPC,SPQR)

("C:\Program Files\MiKTeX 2.9\tex\latex\graphics\trig.sty"
Package: trig 2016/01/03 v1.10 sin cos tan (DPC)
)
("C:\Program Files\MiKTeX 2.9\tex\latex\graphics-cfg\graphics.cfg"
File: graphics.cfg 2016/06/04 v1.11 sample graphics configuration
)
Package graphics Info: Driver file: pdftex.def on input line 99.

("C:\Program Files\MiKTeX 2.9\tex\latex\graphics-def\pdftex.def"
File: pdftex.def 2018/01/08 v1.0l Graphics/color driver for pdftex
))
\Gin@req@height=\dimen136
\Gin@req@width=\dimen137
)
\epsfxsize=\dimen138
\epsfysize=\dimen139
)
("C:\Program Files\MiKTeX 2.9\tex\latex\tools\calc.sty"
Package: calc 2017/05/25 v4.3 Infix arithmetic (KKT,FJ)
\calc@Acount=\count130
\calc@Bcount=\count131
\calc@Adimen=\dimen140
\calc@Bdimen=\dimen141
\calc@Askip=\skip62
\calc@Bskip=\skip63
LaTeX Info: Redefining \setlength on input line 80.
LaTeX Info: Redefining \addtolength on input line 81.
\calc@Ccount=\count132
\calc@Cskip=\skip64
)
("C:\Program Files\MiKTeX 2.9\tex\latex\titlesec\titlesec.sty"
Package: titlesec 2016/03/21 v2.10.2 Sectioning titles
\ttl@box=\box57
\beforetitleunit=\skip65
\aftertitleunit=\skip66
\ttl@plus=\dimen142
\ttl@minus=\dimen143
\ttl@toksa=\toks23
\titlewidth=\dimen144
\titlewidthlast=\dimen145
\titlewidthfirst=\dimen146
)
("C:\Program Files\MiKTeX 2.9\tex\latex\csquotes\csquotes.sty"
Package: csquotes 2018/04/13 v5.2d context-sensitive quotations (JAW)

("C:\Program Files\MiKTeX 2.9\tex\latex\etoolbox\etoolbox.sty"
Package: etoolbox 2018/08/19 v2.5f e-TeX tools for LaTeX (JAW)
\etb@tempcnta=\count133
)
\csq@reset=\count134
\csq@gtype=\count135
\csq@glevel=\count136
\csq@qlevel=\count137
\csq@maxlvl=\count138
\csq@tshold=\count139
\csq@ltx@everypar=\toks24

("C:\Program Files\MiKTeX 2.9\tex\latex\csquotes\csquotes.def"
File: csquotes.def 2018/04/13 v5.2d csquotes generic definitions (JAW)
)
Package csquotes Info: Trying to load configuration file 'csquotes.cfg'...
Package csquotes Info: ... configuration file loaded successfully.

("C:\Program Files\MiKTeX 2.9\tex\latex\csquotes\csquotes.cfg"
File: csquotes.cfg 
))
("C:\Program Files\MiKTeX 2.9\tex\latex\pdfpages\pdfpages.sty"
Package: pdfpages 2017/10/31 v0.5l Insert pages of external PDF documents (AM)

("C:\Program Files\MiKTeX 2.9\tex\latex\base\ifthen.sty"
Package: ifthen 2014/09/29 v1.1c Standard LaTeX ifthen package (DPC)
)
("C:\Program Files\MiKTeX 2.9\tex\latex\eso-pic\eso-pic.sty"
Package: eso-pic 2018/04/12 v2.0h eso-pic (RN)

("C:\Program Files\MiKTeX 2.9\tex\latex\xcolor\xcolor.sty"
Package: xcolor 2016/05/11 v2.12 LaTeX color extensions (UK)

("C:\Program Files\MiKTeX 2.9\tex\latex\graphics-cfg\color.cfg"
File: color.cfg 2016/01/02 v1.6 sample color configuration
)
Package xcolor Info: Driver file: pdftex.def on input line 225.
Package xcolor Info: Model `cmy' substituted by `cmy0' on input line 1348.
Package xcolor Info: Model `hsb' substituted by `rgb' on input line 1352.
Package xcolor Info: Model `RGB' extended on input line 1364.
Package xcolor Info: Model `HTML' substituted by `rgb' on input line 1366.
Package xcolor Info: Model `Hsb' substituted by `hsb' on input line 1367.
Package xcolor Info: Model `tHsb' substituted by `hsb' on input line 1368.
Package xcolor Info: Model `HSB' substituted by `hsb' on input line 1369.
Package xcolor Info: Model `Gray' substituted by `gray' on input line 1370.
Package xcolor Info: Model `wave' substituted by `hsb' on input line 1371.
))
\AM@pagewidth=\dimen147
\AM@pageheight=\dimen148

("C:\Program Files\MiKTeX 2.9\tex\latex\pdfpages\pppdftex.def"
File: pppdftex.def 2017/10/31 v0.5l Pdfpages driver for pdfTeX (AM)
)
\AM@pagebox=\box58
\AM@global@opts=\toks25
\AM@toc@title=\toks26
\c@AM@survey=\count140
\AM@templatesizebox=\box59
)
("C:\Program Files\MiKTeX 2.9\tex\latex\lipsum\lipsum.sty"
("C:\Program Files\MiKTeX 2.9\tex\latex\l3kernel\expl3.sty"
Package: expl3 2019-01-01 L3 programming layer (loader) 

("C:\Program Files\MiKTeX 2.9\tex\latex\l3kernel\expl3-code.tex"
Package: expl3 2019-01-01 L3 programming layer (code)
\c_max_int=\count141
\l_tmpa_int=\count142
\l_tmpb_int=\count143
\g_tmpa_int=\count144
\g_tmpb_int=\count145
\g__kernel_prg_map_int=\count146
\c_log_iow=\count147
\l_iow_line_count_int=\count148
\l__iow_line_target_int=\count149
\l__iow_one_indent_int=\count150
\l__iow_indent_int=\count151
\c_zero_dim=\dimen149
\c_max_dim=\dimen150
\l_tmpa_dim=\dimen151
\l_tmpb_dim=\dimen152
\g_tmpa_dim=\dimen153
\g_tmpb_dim=\dimen154
\c_zero_skip=\skip67
\c_max_skip=\skip68
\l_tmpa_skip=\skip69
\l_tmpb_skip=\skip70
\g_tmpa_skip=\skip71
\g_tmpb_skip=\skip72
\c_zero_muskip=\muskip11
\c_max_muskip=\muskip12
\l_tmpa_muskip=\muskip13
\l_tmpb_muskip=\muskip14
\g_tmpa_muskip=\muskip15
\g_tmpb_muskip=\muskip16
\l_keys_choice_int=\count152
\l__intarray_loop_int=\count153
\c__intarray_sp_dim=\dimen155
\g__intarray_font_int=\count154
\c__fp_leading_shift_int=\count155
\c__fp_middle_shift_int=\count156
\c__fp_trailing_shift_int=\count157
\c__fp_big_leading_shift_int=\count158
\c__fp_big_middle_shift_int=\count159
\c__fp_big_trailing_shift_int=\count160
\c__fp_Bigg_leading_shift_int=\count161
\c__fp_Bigg_middle_shift_int=\count162
\c__fp_Bigg_trailing_shift_int=\count163
\c__kernel_randint_max_int=\count164
\g__fp_array_int=\count165
\l__fp_array_loop_int=\count166
\l__sort_length_int=\count167
\l__sort_min_int=\count168
\l__sort_top_int=\count169
\l__sort_max_int=\count170
\l__sort_true_max_int=\count171
\l__sort_block_int=\count172
\l__sort_begin_int=\count173
\l__sort_end_int=\count174
\l__sort_A_int=\count175
\l__sort_B_int=\count176
\l__sort_C_int=\count177
\l__tl_analysis_normal_int=\count178
\l__tl_analysis_index_int=\count179
\l__tl_analysis_nesting_int=\count180
\l__tl_analysis_type_int=\count181
\l__regex_internal_a_int=\count182
\l__regex_internal_b_int=\count183
\l__regex_internal_c_int=\count184
\l__regex_balance_int=\count185
\l__regex_group_level_int=\count186
\l__regex_mode_int=\count187
\c__regex_cs_in_class_mode_int=\count188
\c__regex_cs_mode_int=\count189
\l__regex_catcodes_int=\count190
\l__regex_default_catcodes_int=\count191
\c__regex_catcode_D_int=\count192
\c__regex_catcode_S_int=\count193
\c__regex_catcode_L_int=\count194
\c__regex_catcode_O_int=\count195
\c__regex_catcode_A_int=\count196
\c__regex_all_catcodes_int=\count197
\l__regex_show_lines_int=\count198
\l__regex_min_state_int=\count199
\l__regex_max_state_int=\count266
\l__regex_left_state_int=\count267
\l__regex_right_state_int=\count268
\l__regex_capturing_group_int=\count269
\l__regex_min_pos_int=\count270
\l__regex_max_pos_int=\count271
\l__regex_curr_pos_int=\count272
\l__regex_start_pos_int=\count273
\l__regex_success_pos_int=\count274
\l__regex_curr_char_int=\count275
\l__regex_curr_catcode_int=\count276
\l__regex_last_char_int=\count277
\l__regex_case_changed_char_int=\count278
\l__regex_curr_state_int=\count279
\l__regex_step_int=\count280
\l__regex_min_active_int=\count281
\l__regex_max_active_int=\count282
\l__regex_replacement_csnames_int=\count283
\l__regex_match_count_int=\count284
\l__regex_min_submatch_int=\count285
\l__regex_submatch_int=\count286
\l__regex_zeroth_submatch_int=\count287
\g__regex_trace_regex_int=\count288
\c_empty_box=\box60
\l_tmpa_box=\box61
\l_tmpb_box=\box62
\g_tmpa_box=\box63
\g_tmpb_box=\box64
\l__box_top_dim=\dimen156
\l__box_bottom_dim=\dimen157
\l__box_left_dim=\dimen158
\l__box_right_dim=\dimen159
\l__box_top_new_dim=\dimen160
\l__box_bottom_new_dim=\dimen161
\l__box_left_new_dim=\dimen162
\l__box_right_new_dim=\dimen163
\l__box_internal_box=\box65
\l__coffin_internal_box=\box66
\l__coffin_internal_dim=\dimen164
\l__coffin_offset_x_dim=\dimen165
\l__coffin_offset_y_dim=\dimen166
\l__coffin_x_dim=\dimen167
\l__coffin_y_dim=\dimen168
\l__coffin_x_prime_dim=\dimen169
\l__coffin_y_prime_dim=\dimen170
\c_empty_coffin=\box67
\l__coffin_aligned_coffin=\box68
\l__coffin_aligned_internal_coffin=\box69
\l_tmpa_coffin=\box70
\l_tmpb_coffin=\box71
\l__coffin_display_coffin=\box72
\l__coffin_display_coord_coffin=\box73
\l__coffin_display_pole_coffin=\box74
\l__coffin_display_offset_dim=\dimen171
\l__coffin_display_x_dim=\dimen172
\l__coffin_display_y_dim=\dimen173
\g__file_internal_ior=\read2
\l__coffin_bounding_shift_dim=\dimen174
\l__coffin_left_corner_dim=\dimen175
\l__coffin_right_corner_dim=\dimen176
\l__coffin_bottom_corner_dim=\dimen177
\l__coffin_top_corner_dim=\dimen178
\l__coffin_scaled_total_height_dim=\dimen179
\l__coffin_scaled_width_dim=\dimen180
\l__seq_internal_a_int=\count289
\l__seq_internal_b_int=\count290
)
("C:\Program Files\MiKTeX 2.9\tex\latex\l3kernel\l3pdfmode.def"
File: l3pdfmode.def 2019-01-01 v L3 Experimental driver: PDF mode
\l__driver_color_stack_int=\count291
))
("C:\Program Files\MiKTeX 2.9\tex\latex\l3packages\xparse\xparse.sty"
Package: xparse 2018-10-17 L3 Experimental document command parser
\l__xparse_current_arg_int=\count292
\g__xparse_grabber_int=\count293
\l__xparse_m_args_int=\count294
\l__xparse_mandatory_args_int=\count295
\l__xparse_v_nesting_int=\count296
)
Package: lipsum 2019/01/02 v2.2 150 paragraphs of Lorem Ipsum dummy text

("C:\Program Files\MiKTeX 2.9\tex\latex\lipsum\lipsum.ltd.tex"
File: lipsum.ltd.tex 2019/01/02 v2.2 The Lorem ipsum dummy text
)))
\@input{TeXiS/TeXiS_cab.aux}
\openout2 = `TeXiS/TeXiS_cab.aux'.

(TeXiS/TeXiS_cab.tex
("C:\Program Files\MiKTeX 2.9\tex\latex\fancyhdr\fancyhdr.sty"
Package: fancyhdr 2017/06/30 v3.9a Extensive control of page headers and footer
s
\f@nch@headwidth=\skip73
\f@nch@O@elh=\skip74
\f@nch@O@erh=\skip75
\f@nch@O@olh=\skip76
\f@nch@O@orh=\skip77
\f@nch@O@elf=\skip78
\f@nch@O@erf=\skip79
\f@nch@O@olf=\skip80
\f@nch@O@orf=\skip81
))
\@input{TeXiS/TeXiS_cover.aux}
\openout2 = `TeXiS/TeXiS_cover.aux'.

(TeXiS/TeXiS_cover.tex)
\@input{TeXiS/TeXiS_dedic.aux}
\openout2 = `TeXiS/TeXiS_dedic.aux'.

(TeXiS/TeXiS_dedic.tex)
\@input{TeXiS/TeXiS_bib.aux}
\openout2 = `TeXiS/TeXiS_bib.aux'.

(TeXiS/TeXiS_bib.tex))
\@input{constantes.aux}
\openout2 = `constantes.aux'.

(constantes.tex)
Package csquotes Info: Checking for multilingual support...
Package csquotes Info: ... found 'babel' package.
Package csquotes Info: Adjusting default style.
Package csquotes Info: Redefining alias 'default' -> 'spanish'.
 (TFMTeXiS.aux (Cascaras/cover.aux)
LaTeX Info: Redefining \. on input line 25.
LaTeX Info: Redefining \% on input line 25.
 (Cascaras/autorizacion.aux) (Cascaras/dedicatoria.aux) (Cascaras/agradecimient
os.aux)
(Cascaras/resumen.aux) (Cascaras/abstract.aux) (TeXiS/TeXiS_toc.aux)
LaTeX Info: Redefining \. on input line 33.
LaTeX Info: Redefining \% on input line 33.

(Capitulos/Introduction.aux) (Capitulos/Introduccion.aux)
LaTeX Info: Redefining \. on input line 37.
LaTeX Info: Redefining \% on input line 37.

(Capitulos/EstadoDeLaCuestion.aux) (Capitulos/ConclusionesTrabajoFuturo.aux)
(Capitulos/ConclusionsFutureWork.aux) (Apendices/appendixA.aux)
LaTeX Info: Redefining \. on input line 43.
LaTeX Info: Redefining \% on input line 43.

(Apendices/appendixB.aux) (Cascaras/bibliografia.aux) (Cascaras/fin.aux))
\openout1 = `TFMTeXiS.aux'.

LaTeX Font Info:    Checking defaults for OML/cmm/m/it on input line 105.
LaTeX Font Info:    ... okay on input line 105.
LaTeX Font Info:    Checking defaults for T1/cmr/m/n on input line 105.
LaTeX Font Info:    ... okay on input line 105.
LaTeX Font Info:    Checking defaults for OT1/cmr/m/n on input line 105.
LaTeX Font Info:    ... okay on input line 105.
LaTeX Font Info:    Checking defaults for OMS/cmsy/m/n on input line 105.
LaTeX Font Info:    ... okay on input line 105.
LaTeX Font Info:    Checking defaults for OMX/cmex/m/n on input line 105.
LaTeX Font Info:    ... okay on input line 105.
LaTeX Font Info:    Checking defaults for U/cmr/m/n on input line 105.
LaTeX Font Info:    ... okay on input line 105.
LaTeX Font Info:    Checking defaults for PD1/pdf/m/n on input line 105.
LaTeX Font Info:    ... okay on input line 105.
LaTeX Info: Redefining \. on input line 105.
LaTeX Info: Redefining \% on input line 105.
\AtBeginShipoutBox=\box75
Package hyperref Info: Link coloring OFF on input line 105.

("C:\Program Files\MiKTeX 2.9\tex\latex\hyperref\nameref.sty"
Package: nameref 2016/05/21 v2.44 Cross-referencing by name of section

("C:\Program Files\MiKTeX 2.9\tex\generic\oberdiek\gettitlestring.sty"
Package: gettitlestring 2016/05/16 v1.5 Cleanup title references (HO)
)
\c@section@level=\count297
)
LaTeX Info: Redefining \ref on input line 105.
LaTeX Info: Redefining \pageref on input line 105.
LaTeX Info: Redefining \nameref on input line 105.

(TFMTeXiS.out) (TFMTeXiS.out)
\@outlinefile=\write5
\openout5 = `TFMTeXiS.out'.

Package caption Info: Begin \AtBeginDocument code.
Package caption Info: subfig package v1.3 is loaded.
Package caption Info: listings package is loaded.
Package caption Info: End \AtBeginDocument code.
\c@lstlisting=\count298

("C:\Program Files\MiKTeX 2.9\tex\context\base\supp-pdf.mkii"
[Loading MPS to PDF converter (version 2006.09.02).]
\scratchcounter=\count299
\scratchdimen=\dimen181
\scratchbox=\box76
\nofMPsegments=\count300
\nofMParguments=\count301
\everyMPshowfont=\toks27
\MPscratchCnt=\count302
\MPscratchDim=\dimen182
\MPnumerator=\count303
\makeMPintoPDFobject=\count304
\everyMPtoPDFconversion=\toks28
) ("C:\Program Files\MiKTeX 2.9\tex\latex\oberdiek\epstopdf-base.sty"
Package: epstopdf-base 2016/05/15 v2.6 Base part for package epstopdf

("C:\Program Files\MiKTeX 2.9\tex\latex\oberdiek\grfext.sty"
Package: grfext 2016/05/16 v1.2 Manage graphics extensions (HO)
)
Package epstopdf-base Info: Redefining graphics rule for `.eps' on input line 4
38.
Package grfext Info: Graphics extension search list:
(grfext)             [.pdf,.png,.jpg,.mps,.jpeg,.jbig2,.jb2,.PDF,.PNG,.JPG,.JPE
G,.JBIG2,.JB2,.eps]
(grfext)             \AppendGraphicsExtensions on input line 456.
)
("C:\Program Files\MiKTeX 2.9\tex\latex\oberdiek\pdflscape.sty"
Package: pdflscape 2016/05/14 v0.11 Display of landscape pages in PDF (HO)

("C:\Program Files\MiKTeX 2.9\tex\latex\graphics\lscape.sty"
Package: lscape 2000/10/22 v3.01 Landscape Pages (DPC)
)
Package pdflscape Info: Auto-detected driver: pdftex on input line 81.
) (guionado.tex)
\openout2 = `Cascaras/cover.aux'.


(Cascaras/cover.tex
\cambioIzquierdo=\skip82
\cambioDerecho=\skip83
\margenPortada=\skip84
\evensidemarginOriginal=\skip85
\oddsidemarginOriginal=\skip86
\longTitulo=\skip87
<Imagenes/Vectorial/escudoUCM.pdf, id=143, 597.23125pt x 844.15375pt>
File: Imagenes/Vectorial/escudoUCM.pdf Graphic file (type pdf)
<use Imagenes/Vectorial/escudoUCM.pdf>
Package pdftex.def Info: Imagenes/Vectorial/escudoUCM.pdf  used on input line 1
59.
(pdftex.def)             Requested size: 119.44412pt x 168.82776pt.
\c@lastyear=\count305
 [1

















{C:/Users/gonzalo/AppData/Local/MiKTeX/2.9/pdftex/config/pdftex.map} <./Imagene
s/Vectorial/escudoUCM.pdf>] [2] [3])
\openout2 = `Cascaras/autorizacion.aux'.


(Cascaras/autorizacion.tex [4



]) [5]
\openout2 = `Cascaras/dedicatoria.aux'.

 (Cascaras/dedicatoria.tex [6



]) [7]
\openout2 = `Cascaras/agradecimientos.aux'.


(Cascaras/agradecimientos.tex [8



]) [9]
\openout2 = `Cascaras/resumen.aux'.

 (Cascaras/resumen.tex [10



]) [11]
\openout2 = `Cascaras/abstract.aux'.


(Cascaras/abstract.tex [12



]) [13]
LaTeX Info: Redefining \. on input line 125.
LaTeX Info: Redefining \% on input line 125.
\openout2 = `TeXiS/TeXiS_toc.aux'.

 (TeXiS/TeXiS_toc.tex [14



] (TFMTeXiS.toc
LaTeX Info: Redefining \. on input line 1.
LaTeX Info: Redefining \% on input line 1.
LaTeX Info: Redefining \. on input line 3.
LaTeX Info: Redefining \% on input line 3.
LaTeX Font Info:    External font `cmex10' loaded for size
(Font)              <10.95> on input line 7.
LaTeX Font Info:    External font `cmex10' loaded for size
(Font)              <8> on input line 7.
LaTeX Font Info:    External font `cmex10' loaded for size
(Font)              <6> on input line 7.
LaTeX Info: Redefining \. on input line 10.
LaTeX Info: Redefining \% on input line 10.

[15]
LaTeX Info: Redefining \. on input line 34.
LaTeX Info: Redefining \% on input line 34.
)
\tf@toc=\write6
\openout6 = `TFMTeXiS.toc'.

 [16] (TFMTeXiS.lof
LaTeX Info: Redefining \. on input line 1.
LaTeX Info: Redefining \% on input line 1.
LaTeX Info: Redefining \. on input line 3.
LaTeX Info: Redefining \% on input line 3.
LaTeX Info: Redefining \. on input line 8.
LaTeX Info: Redefining \% on input line 8.
 [17

]
LaTeX Info: Redefining \. on input line 44.
LaTeX Info: Redefining \% on input line 44.
)
\tf@lof=\write7
\openout7 = `TFMTeXiS.lof'.

 [18] (TFMTeXiS.lot
LaTeX Info: Redefining \. on input line 1.
LaTeX Info: Redefining \% on input line 1.
LaTeX Info: Redefining \. on input line 3.
LaTeX Info: Redefining \% on input line 3.
LaTeX Info: Redefining \. on input line 7.
LaTeX Info: Redefining \% on input line 7.
LaTeX Info: Redefining \. on input line 14.
LaTeX Info: Redefining \% on input line 14.
)
\tf@lot=\write8
\openout8 = `TFMTeXiS.lot'.

 [19

]) [20


]
\openout2 = `Capitulos/Introduction.aux'.


(Capitulos/Introduction.tex
Chapter 1.
LaTeX Font Info:    Try loading font information for OT1+phv on input line 1.
("C:\Program Files\MiKTeX 2.9\tex\latex\psnfss\ot1phv.fd"
File: ot1phv.fd 2001/06/04 scalable font definitions for OT1/phv.
)
LaTeX Font Info:    Try loading font information for OT1+ptm on input line 1.

("C:\Program Files\MiKTeX 2.9\tex\latex\psnfss\ot1ptm.fd"
File: ot1ptm.fd 2001/06/04 font definitions for OT1/ptm.
)) [1


]
LaTeX Info: Redefining \. on input line 144.
LaTeX Info: Redefining \% on input line 144.
\openout2 = `Capitulos/Introduccion.aux'.


(Capitulos/Introduccion.tex [2



]
Cap\'itulo 1.

Underfull \hbox (badness 10000) in paragraph at lines 11--12

 []

[3]
<Imagenes/Bitmap/tablerofisico.png, id=365, 441.90094pt x 323.70938pt>
File: Imagenes/Bitmap/tablerofisico.png Graphic file (type png)
<use Imagenes/Bitmap/tablerofisico.png>
Package pdftex.def Info: Imagenes/Bitmap/tablerofisico.png  used on input line 
21.
(pdftex.def)             Requested size: 251.9989pt x 184.60023pt.

Underfull \hbox (badness 10000) in paragraph at lines 29--30

 []


Underfull \vbox (badness 10000) has occurred while \output is active []

LaTeX Info: Redefining \. on input line 43.
LaTeX Info: Redefining \% on input line 43.
 [4 <./Imagenes/Bitmap/tablerofisico.png>])
LaTeX Info: Redefining \. on input line 148.
LaTeX Info: Redefining \% on input line 148.
 [5]
\openout2 = `Capitulos/EstadoDeLaCuestion.aux'.

 (Capitulos/EstadoDeLaCuestion.tex [6



]
Cap\'itulo 2.
[7]
LaTeX Font Info:    External font `cmex10' loaded for size
(Font)              <9> on input line 27.
LaTeX Font Info:    External font `cmex10' loaded for size
(Font)              <5> on input line 27.
LaTeX Font Info:    Try loading font information for T1+cmtt on input line 27.
 ("C:\Program Files\MiKTeX 2.9\tex\latex\base\t1cmtt.fd"
File: t1cmtt.fd 2014/09/29 v2.5h Standard LaTeX font definitions
)
Underfull \hbox (badness 10000) in paragraph at lines 27--27
[][][][]$\T1/cmtt/m/n/9 http : / / aularagon . catedu . es / materialesaularago
n2013 / arasaac / ZIPs / Modulo _
 []

LaTeX Info: Redefining \. on input line 48.
LaTeX Info: Redefining \% on input line 48.
[8]
<Imagenes/Bitmap/SPCcolores.jpg, id=406, 307.1475pt x 291.0875pt>
File: Imagenes/Bitmap/SPCcolores.jpg Graphic file (type jpg)
<use Imagenes/Bitmap/SPCcolores.jpg>
Package pdftex.def Info: Imagenes/Bitmap/SPCcolores.jpg  used on input line 57.

(pdftex.def)             Requested size: 251.9989pt x 238.82652pt.

Underfull \hbox (badness 10000) in paragraph at lines 63--66

 []

LaTeX Info: Redefining \. on input line 66.
LaTeX Info: Redefining \% on input line 66.
[9 <./Imagenes/Bitmap/SPCcolores.jpg>]
<Imagenes/Bitmap/BlissCharacters.png, id=415, 192.2382pt x 90.8193pt>
File: Imagenes/Bitmap/BlissCharacters.png Graphic file (type png)
<use Imagenes/Bitmap/BlissCharacters.png>
Package pdftex.def Info: Imagenes/Bitmap/BlissCharacters.png  used on input lin
e 69.
(pdftex.def)             Requested size: 288.0011pt x 136.0734pt.
<Imagenes/Bitmap/BlissWord.png, id=418, 92.9874pt x 69.861pt>
File: Imagenes/Bitmap/BlissWord.png Graphic file (type png)
<use Imagenes/Bitmap/BlissWord.png>
Package pdftex.def Info: Imagenes/Bitmap/BlissWord.png  used on input line 78.
(pdftex.def)             Requested size: 143.9978pt x 108.18745pt.
<Imagenes/Bitmap/Sclera.png, id=422, 446.66875pt x 289.08pt>
File: Imagenes/Bitmap/Sclera.png Graphic file (type png)
<use Imagenes/Bitmap/Sclera.png>
Package pdftex.def Info: Imagenes/Bitmap/Sclera.png  used on input line 95.
(pdftex.def)             Requested size: 223.33382pt x 144.53964pt.


LaTeX Warning: `!h' float specifier changed to `!ht'.

LaTeX Info: Redefining \. on input line 100.
LaTeX Info: Redefining \% on input line 100.
[10 <./Imagenes/Bitmap/BlissCharacters.png> <./Imagenes/Bitmap/BlissWord.png>]
<Imagenes/Bitmap/Mulberry.png, id=441, 1284.8pt x 722.7pt>
File: Imagenes/Bitmap/Mulberry.png Graphic file (type png)
<use Imagenes/Bitmap/Mulberry.png>
Package pdftex.def Info: Imagenes/Bitmap/Mulberry.png  used on input line 114.
(pdftex.def)             Requested size: 256.95544pt x 144.53743pt.


LaTeX Warning: `!h' float specifier changed to `!ht'.


Underfull \vbox (badness 10000) has occurred while \output is active []

LaTeX Info: Redefining \. on input line 122.
LaTeX Info: Redefining \% on input line 122.
 [11 <./Imagenes/Bitmap/Sclera.png>]
<Imagenes/Bitmap/Minspeak.jpg, id=456, 548.0475pt x 237.88875pt>
File: Imagenes/Bitmap/Minspeak.jpg Graphic file (type jpg)
<use Imagenes/Bitmap/Minspeak.jpg>
Package pdftex.def Info: Imagenes/Bitmap/Minspeak.jpg  used on input line 126.
(pdftex.def)             Requested size: 251.9989pt x 109.38658pt.
<Imagenes/Bitmap/ChatBox.jpg, id=460, 642.4pt x 630.355pt>
File: Imagenes/Bitmap/ChatBox.jpg Graphic file (type jpg)
<use Imagenes/Bitmap/ChatBox.jpg>
Package pdftex.def Info: Imagenes/Bitmap/ChatBox.jpg  used on input line 136.
(pdftex.def)             Requested size: 143.9978pt x 141.29474pt.


LaTeX Warning: `!h' float specifier changed to `!ht'.

LaTeX Info: Redefining \. on input line 148.
LaTeX Info: Redefining \% on input line 148.
[12 <./Imagenes/Bitmap/Mulberry.png> <./Imagenes/Bitmap/Minspeak.jpg>]

! LaTeX Error: File `Imagenes/Bitmap/Configuarci\IeC {\'o}n ARASAAC' not found.


See the LaTeX manual or LaTeX Companion for explanation.
Type  H <return>  for immediate help.
 ...                                              
                                                  
l.155 ...]{Imagenes/Bitmap/Configuarción ARASAAC}
                                                  
I could not locate the file with any of these extensions:
.pdf,.png,.jpg,.mps,.jpeg,.jbig2,.jb2,.PDF,.PNG,.JPG,.JPEG,.JBIG2,.JB2,.eps
Try typing  <return>  to proceed.
If that doesn't work, type  X <return>  to quit.

LaTeX Info: Redefining \. on input line 164.
LaTeX Info: Redefining \% on input line 164.
[13 <./Imagenes/Bitmap/ChatBox.jpg>]
LaTeX Info: Redefining \. on input line 166.
LaTeX Info: Redefining \% on input line 166.
 [14]

! LaTeX Error: File `Imagenes/Bitmap/Picto Mascarilla' not found.

See the LaTeX manual or LaTeX Companion for explanation.
Type  H <return>  for immediate help.
 ...                                              
                                                  
l.170 ...ewidth]{Imagenes/Bitmap/Picto Mascarilla}
                                                  
I could not locate the file with any of these extensions:
.pdf,.png,.jpg,.mps,.jpeg,.jbig2,.jb2,.PDF,.PNG,.JPG,.JPEG,.JBIG2,.JB2,.eps
Try typing  <return>  to proceed.
If that doesn't work, type  X <return>  to quit.


! LaTeX Error: File `Imagenes/Bitmap/Mascarilla mal colocada' not found.

See the LaTeX manual or LaTeX Companion for explanation.
Type  H <return>  for immediate help.
 ...                                              
                                                  
l.177 ...{Imagenes/Bitmap/Mascarilla mal colocada}
                                                  
I could not locate the file with any of these extensions:
.pdf,.png,.jpg,.mps,.jpeg,.jbig2,.jb2,.PDF,.PNG,.JPG,.JPEG,.JBIG2,.JB2,.eps
Try typing  <return>  to proceed.
If that doesn't work, type  X <return>  to quit.

<Imagenes/Bitmap/ARASAACPictos.png, id=483, 1371.1225pt x 770.88pt>
File: Imagenes/Bitmap/ARASAACPictos.png Graphic file (type png)
<use Imagenes/Bitmap/ARASAACPictos.png>
Package pdftex.def Info: Imagenes/Bitmap/ARASAACPictos.png  used on input line 
187.
(pdftex.def)             Requested size: 251.9989pt x 141.66956pt.
LaTeX Info: Redefining \. on input line 198.
LaTeX Info: Redefining \% on input line 198.
[15 <./Imagenes/Bitmap/ARASAACPictos.png>]
<Imagenes/Bitmap/EditoresPictogramas.jpg, id=490, 917.67844pt x 706.89093pt>
File: Imagenes/Bitmap/EditoresPictogramas.jpg Graphic file (type jpg)
<use Imagenes/Bitmap/EditoresPictogramas.jpg>
Package pdftex.def Info: Imagenes/Bitmap/EditoresPictogramas.jpg  used on input
 line 202.
(pdftex.def)             Requested size: 251.9989pt x 194.10977pt.

Overfull \hbox (7.71059pt too wide) in paragraph at lines 207--207
[][][][]$\T1/cmtt/m/n/9 http : / / burbujadelenguaje . blogspot . com / 2016 / 
05 / tablero-[]de-[]comunicacion-[]tea .
 []


Underfull \hbox (badness 10000) in paragraph at lines 207--207
[][][][]$\T1/cmtt/m/n/9 http : / / psicosociosanitario . blogspot . com / 2016 
/ 05 /
 []

<Imagenes/Bitmap/Tablero.jpg, id=496, 400.49625pt x 308.15125pt>
File: Imagenes/Bitmap/Tablero.jpg Graphic file (type jpg)
<use Imagenes/Bitmap/Tablero.jpg>
Package pdftex.def Info: Imagenes/Bitmap/Tablero.jpg  used on input line 212.
(pdftex.def)             Requested size: 251.9989pt x 193.8965pt.

LaTeX Warning: `!h' float specifier changed to `!ht'.


Underfull \vbox (badness 6445) has occurred while \output is active []

LaTeX Info: Redefining \. on input line 226.
LaTeX Info: Redefining \% on input line 226.
 [16 <./Imagenes/Bitmap/EditoresPictogramas.jpg>]

! LaTeX Error: File `Imagenes/Bitmap/Pictoselector Tablero' not found.

See the LaTeX manual or LaTeX Companion for explanation.
Type  H <return>  for immediate help.
 ...                                              
                                                  
l.231 ...h]{Imagenes/Bitmap/Pictoselector Tablero}
                                                  
I could not locate the file with any of these extensions:
.pdf,.png,.jpg,.mps,.jpeg,.jbig2,.jb2,.PDF,.PNG,.JPG,.JPEG,.JBIG2,.JB2,.eps
Try typing  <return>  to proceed.
If that doesn't work, type  X <return>  to quit.


! LaTeX Error: File `Imagenes/Bitmap/Ribbon Pictoselector' not found.

See the LaTeX manual or LaTeX Companion for explanation.
Type  H <return>  for immediate help.
 ...                                              
                                                  
l.241 ...th]{Imagenes/Bitmap/Ribbon Pictoselector}
                                                  
I could not locate the file with any of these extensions:
.pdf,.png,.jpg,.mps,.jpeg,.jbig2,.jb2,.PDF,.PNG,.JPG,.JPEG,.JBIG2,.JB2,.eps
Try typing  <return>  to proceed.
If that doesn't work, type  X <return>  to quit.


LaTeX Warning: `!h' float specifier changed to `!ht'.


! LaTeX Error: File `Imagenes/Bitmap/Editor y buscador de pictoselector' not fo
und.

See the LaTeX manual or LaTeX Companion for explanation.
Type  H <return>  for immediate help.
 ...                                              
                                                  
l.249 ...itmap/Editor y buscador de pictoselector}
                                                  
I could not locate the file with any of these extensions:
.pdf,.png,.jpg,.mps,.jpeg,.jbig2,.jb2,.PDF,.PNG,.JPG,.JPEG,.JBIG2,.JB2,.eps
Try typing  <return>  to proceed.
If that doesn't work, type  X <return>  to quit.


LaTeX Warning: `!h' float specifier changed to `!ht'.

LaTeX Info: Redefining \. on input line 255.
LaTeX Info: Redefining \% on input line 255.
[17 <./Imagenes/Bitmap/Tablero.jpg>]

! LaTeX Error: File `Imagenes/Bitmap/Frase ARASAAC' not found.

See the LaTeX manual or LaTeX Companion for explanation.
Type  H <return>  for immediate help.
 ...                                              
                                                  
l.269 ...linewidth]{Imagenes/Bitmap/Frase ARASAAC}
                                                  
I could not locate the file with any of these extensions:
.pdf,.png,.jpg,.mps,.jpeg,.jbig2,.jb2,.PDF,.PNG,.JPG,.JPEG,.JBIG2,.JB2,.eps
Try typing  <return>  to proceed.
If that doesn't work, type  X <return>  to quit.


LaTeX Warning: `!h' float specifier changed to `!ht'.

LaTeX Info: Redefining \. on input line 276.
LaTeX Info: Redefining \% on input line 276.
[18]
<Imagenes/Bitmap/HorarioARASAAC.png, id=526, 796.47563pt x 216.05719pt>
File: Imagenes/Bitmap/HorarioARASAAC.png Graphic file (type png)
<use Imagenes/Bitmap/HorarioARASAAC.png>
Package pdftex.def Info: Imagenes/Bitmap/HorarioARASAAC.png  used on input line
 280.
(pdftex.def)             Requested size: 323.9978pt x 87.88838pt.
<Imagenes/Bitmap/calendarioARASAAC.png, id=528, 800.23969pt x 245.41687pt>
File: Imagenes/Bitmap/calendarioARASAAC.png Graphic file (type png)
<use Imagenes/Bitmap/calendarioARASAAC.png>
Package pdftex.def Info: Imagenes/Bitmap/calendarioARASAAC.png  used on input l
ine 291.
(pdftex.def)             Requested size: 251.9989pt x 77.2805pt.
LaTeX Info: Redefining \. on input line 300.
LaTeX Info: Redefining \% on input line 300.
 [19 <./Imagenes/Bitmap/HorarioARASAAC.png> <./Imagenes/Bitmap/calendarioARASAA
C.png>]
<Imagenes/Bitmap/juegoARASAAC.png, id=536, 391.4625pt x 456.95718pt>
File: Imagenes/Bitmap/juegoARASAAC.png Graphic file (type png)
<use Imagenes/Bitmap/juegoARASAAC.png>
Package pdftex.def Info: Imagenes/Bitmap/juegoARASAAC.png  used on input line 3
04.
(pdftex.def)             Requested size: 251.9989pt x 294.15988pt.
LaTeX Info: Redefining \. on input line 315.
LaTeX Info: Redefining \% on input line 315.
 [20 <./Imagenes/Bitmap/juegoARASAAC.png>]
Overfull \hbox (51.2252pt too wide) in paragraph at lines 317--317
[][][][]$\T1/cmtt/m/n/9 http : / / www . aulautista . com / 2013 / 12 / 05 / pi
ktoplus-[]un-[]comunicador-[]android-[]muy-[]especial/$[]| 
 []

<Imagenes/Bitmap/Piktoplus1.png, id=547, 401.5pt x 250.9375pt>
File: Imagenes/Bitmap/Piktoplus1.png Graphic file (type png)
<use Imagenes/Bitmap/Piktoplus1.png>
Package pdftex.def Info: Imagenes/Bitmap/Piktoplus1.png  used on input line 323
.
(pdftex.def)             Requested size: 180.0pt x 112.50346pt.
<Imagenes/Bitmap/Piktoplus2.png, id=549, 401.5pt x 250.9375pt>
File: Imagenes/Bitmap/Piktoplus2.png Graphic file (type png)
<use Imagenes/Bitmap/Piktoplus2.png>
Package pdftex.def Info: Imagenes/Bitmap/Piktoplus2.png  used on input line 334
.
(pdftex.def)             Requested size: 180.0pt x 112.50346pt.
LaTeX Info: Redefining \. on input line 347.
LaTeX Info: Redefining \% on input line 347.
[21 <./Imagenes/Bitmap/Piktoplus1.png> <./Imagenes/Bitmap/Piktoplus2.png>]
<Imagenes/Bitmap/TraducirFrase.png, id=561, 900.36375pt x 443.6575pt>
File: Imagenes/Bitmap/TraducirFrase.png Graphic file (type png)
<use Imagenes/Bitmap/TraducirFrase.png>
Package pdftex.def Info: Imagenes/Bitmap/TraducirFrase.png  used on input line 
357.
(pdftex.def)             Requested size: 251.9989pt x 124.16908pt.
<Imagenes/Bitmap/buscador.png, id=564, 438.63875pt x 468.75125pt>
File: Imagenes/Bitmap/buscador.png Graphic file (type png)
<use Imagenes/Bitmap/buscador.png>
Package pdftex.def Info: Imagenes/Bitmap/buscador.png  used on input line 367.
(pdftex.def)             Requested size: 180.0pt x 192.3609pt.


LaTeX Warning: `!h' float specifier changed to `!ht'.

LaTeX Info: Redefining \. on input line 374.
LaTeX Info: Redefining \% on input line 374.
[22 <./Imagenes/Bitmap/TraducirFrase.png>]
<Imagenes/Bitmap/editor.png, id=572, 866.23625pt x 340.27126pt>
File: Imagenes/Bitmap/editor.png Graphic file (type png)
<use Imagenes/Bitmap/editor.png>
Package pdftex.def Info: Imagenes/Bitmap/editor.png  used on input line 378.
(pdftex.def)             Requested size: 251.9989pt x 98.98766pt.
LaTeX Info: Redefining \. on input line 389.
LaTeX Info: Redefining \% on input line 389.
 [23 <./Imagenes/Bitmap/buscador.png> <./Imagenes/Bitmap/editor.png>]
<Imagenes/Bitmap/PictablerosPlantilla.png, id=581, 664.73344pt x 610.53094pt>
File: Imagenes/Bitmap/PictablerosPlantilla.png Graphic file (type png)
<use Imagenes/Bitmap/PictablerosPlantilla.png>
Package pdftex.def Info: Imagenes/Bitmap/PictablerosPlantilla.png  used on inpu
t line 401.
(pdftex.def)             Requested size: 251.9989pt x 231.45453pt.
LaTeX Info: Redefining \. on input line 408.
LaTeX Info: Redefining \% on input line 408.
 [24 <./Imagenes/Bitmap/PictablerosPlantilla.png>]
<Imagenes/Bitmap/tableroPicTableros.png, id=589, 862.22125pt x 380.42125pt>
File: Imagenes/Bitmap/tableroPicTableros.png Graphic file (type png)
<use Imagenes/Bitmap/tableroPicTableros.png>
Package pdftex.def Info: Imagenes/Bitmap/tableroPicTableros.png  used on input 
line 412.
(pdftex.def)             Requested size: 251.9989pt x 111.18423pt.
<Imagenes/Bitmap/SymboTalk.png, id=593, 1081.03876pt x 750.805pt>
File: Imagenes/Bitmap/SymboTalk.png Graphic file (type png)
<use Imagenes/Bitmap/SymboTalk.png>
Package pdftex.def Info: Imagenes/Bitmap/SymboTalk.png  used on input line 440.

(pdftex.def)             Requested size: 251.9989pt x 175.0186pt.


LaTeX Warning: `!h' float specifier changed to `!ht'.

LaTeX Info: Redefining \. on input line 445.
LaTeX Info: Redefining \% on input line 445.
[25 <./Imagenes/Bitmap/tableroPicTableros.png>]
<Imagenes/Bitmap/LetMeTalk.png, id=602, 931.48pt x 1390.19376pt>
File: Imagenes/Bitmap/LetMeTalk.png Graphic file (type png)
<use Imagenes/Bitmap/LetMeTalk.png>
Package pdftex.def Info: Imagenes/Bitmap/LetMeTalk.png  used on input line 455.

(pdftex.def)             Requested size: 251.9989pt x 376.09978pt.


LaTeX Warning: `!h' float specifier changed to `!ht'.

LaTeX Info: Redefining \. on input line 460.
LaTeX Info: Redefining \% on input line 460.
[26 <./Imagenes/Bitmap/SymboTalk.png>]
LaTeX Info: Redefining \. on input line 468.
LaTeX Info: Redefining \% on input line 468.
 [27 <./Imagenes/Bitmap/LetMeTalk.png>]
<Imagenes/Bitmap/jocomunico.png, id=616, 813.0375pt x 456.20438pt>
File: Imagenes/Bitmap/jocomunico.png Graphic file (type png)
<use Imagenes/Bitmap/jocomunico.png>
Package pdftex.def Info: Imagenes/Bitmap/jocomunico.png  used on input line 474
.
(pdftex.def)             Requested size: 251.9989pt x 141.39404pt.


LaTeX Warning: No positions in optional float specifier.
               Default added (so using `tbp') on input line 489.


! Package inputenc Error: Unicode character € (U+20AC)
(inputenc)                not set up for use with LaTeX.

See the inputenc package documentation for explanation.
Type  H <return>  for immediate help.
 ...                                              
                                                  
l.507 	}
        
You may provide a definition with
\DeclareUnicodeCharacter 


! Package inputenc Error: Unicode character € (U+20AC)
(inputenc)                not set up for use with LaTeX.

See the inputenc package documentation for explanation.
Type  H <return>  for immediate help.
 ...                                              
                                                  
l.507 	}
        
You may provide a definition with
\DeclareUnicodeCharacter 


Overfull \hbox (38.34048pt too wide) in paragraph at lines 491--508
 [][] 
 []

)
LaTeX Info: Redefining \. on input line 149.
LaTeX Info: Redefining \% on input line 149.
 [28 <./Imagenes/Bitmap/jocomunico.png>]
LaTeX Info: Redefining \. on input line 149.
LaTeX Info: Redefining \% on input line 149.
 [29]
\openout2 = `Capitulos/ConclusionesTrabajoFuturo.aux'.


(Capitulos/ConclusionesTrabajoFuturo.tex [30



]
Cap\'itulo 3.
) [31]
\openout2 = `Capitulos/ConclusionsFutureWork.aux'.

 (Capitulos/ConclusionsFutureWork.tex [32



]
Chapter 3.
) [33]
LaTeX Info: Redefining \. on input line 161.
LaTeX Info: Redefining \% on input line 161.
\openout2 = `Apendices/appendixA.aux'.

 (Apendices/appendixA.tex [34



]
Ap\'{e}ndice A.
) [35]
\openout2 = `Apendices/appendixB.aux'.

 (Apendices/appendixB.tex [36



]
Ap\'{e}ndice B.
) [37] [38


]
\openout2 = `Cascaras/bibliografia.aux'.

 (Cascaras/bibliografia.tex (TFMTeXiS.bbl)) [39


]
\openout2 = `Cascaras/fin.aux'.

 (Cascaras/fin.tex
[40


] [41])
Package atveryend Info: Empty hook `BeforeClearDocument' on input line 216.
Package atveryend Info: Empty hook `AfterLastShipout' on input line 216.
 (TFMTeXiS.aux (Cascaras/cover.aux)
LaTeX Info: Redefining \. on input line 25.
LaTeX Info: Redefining \% on input line 25.
 (Cascaras/autorizacion.aux)
(Cascaras/dedicatoria.aux) (Cascaras/agradecimientos.aux) (Cascaras/resumen.aux
) (Cascaras/abstract.aux) (TeXiS/TeXiS_toc.aux)
LaTeX Info: Redefining \. on input line 33.
LaTeX Info: Redefining \% on input line 33.
 (Capitulos/Introduction.aux)
(Capitulos/Introduccion.aux)
LaTeX Info: Redefining \. on input line 37.
LaTeX Info: Redefining \% on input line 37.
 (Capitulos/EstadoDeLaCuestion.aux)
(Capitulos/ConclusionesTrabajoFuturo.aux) (Capitulos/ConclusionsFutureWork.aux)
(Apendices/appendixA.aux)
LaTeX Info: Redefining \. on input line 43.
LaTeX Info: Redefining \% on input line 43.
 (Apendices/appendixB.aux) (Cascaras/bibliografia.aux) (Cascaras/fin.aux))
Package atveryend Info: Executing hook `AtVeryEndDocument' on input line 216.
Package atveryend Info: Executing hook `AtEndAfterFileList' on input line 216.
Package rerunfilecheck Info: File `TFMTeXiS.out' has not changed.
(rerunfilecheck)             Checksum: 1781868DE841F6D5049BC5696E800E23;2197.
Package atveryend Info: Empty hook `AtVeryVeryEnd' on input line 216.
 ) 
Here is how much of TeX's memory you used:
 22200 strings out of 492970
 378567 string characters out of 3135848
 642596 words of memory out of 3000000
 25270 multiletter control sequences out of 15000+200000
 555337 words of font info for 62 fonts, out of 3000000 for 9000
 1380 hyphenation exceptions out of 8191
 55i,15n,67p,979b,739s stack positions out of 5000i,500n,10000p,200000b,50000s
 <C:\Users\gonzalo\AppData\Local\MiKTeX\2.9\fonts\pk\ljfour\jknappen\ec\dpi60
0\ecti1000.pk> <C:\Users\gonzalo\AppData\Local\MiKTeX\2.9\fonts\pk\ljfour\jknap
pen\ec\dpi600\ecbi1095.pk> <C:\Users\gonzalo\AppData\Local\MiKTeX\2.9\fonts\pk\
ljfour\jknappen\ec\dpi600\ectt0900.pk> <C:\Users\gonzalo\AppData\Local\MiKTeX\2
.9\fonts\pk\ljfour\jknappen\ec\dpi600\ecrm0600.pk> <C:\Users\gonzalo\AppData\Lo
cal\MiKTeX\2.9\fonts\pk\ljfour\jknappen\ec\dpi600\ecrm0800.pk> <C:\Users\gonzal
o\AppData\Local\MiKTeX\2.9\fonts\pk\ljfour\jknappen\ec\dpi600\ecrm1000.pk> <C:\
Users\gonzalo\AppData\Local\MiKTeX\2.9\fonts\pk\ljfour\jknappen\ec\dpi600\ecxc1
000.pk>{C:/Program Files/MiKTeX 2.9/fonts/enc/dvips/base/8r.enc} <C:\Users\gonz
alo\AppData\Local\MiKTeX\2.9\fonts\pk\ljfour\jknappen\ec\dpi600\ecti1095.pk> <C
:\Users\gonzalo\AppData\Local\MiKTeX\2.9\fonts\pk\ljfour\jknappen\ec\dpi600\ecb
x1095.pk> <C:\Users\gonzalo\AppData\Local\MiKTeX\2.9\fonts\pk\ljfour\jknappen\e
c\dpi600\eccc1095.pk> <C:\Users\gonzalo\AppData\Local\MiKTeX\2.9\fonts\pk\ljfou
r\jknappen\ec\dpi600\ecrm1200.pk> <C:\Users\gonzalo\AppData\Local\MiKTeX\2.9\fo
nts\pk\ljfour\jknappen\ec\dpi600\ecrm1095.pk> <C:\Users\gonzalo\AppData\Local\M
iKTeX\2.9\fonts\pk\ljfour\jknappen\ec\dpi600\ecti1200.pk> <C:\Users\gonzalo\App
Data\Local\MiKTeX\2.9\fonts\pk\ljfour\jknappen\ec\dpi600\ecrm2488.pk> <C:\Users
\gonzalo\AppData\Local\MiKTeX\2.9\fonts\pk\ljfour\jknappen\ec\dpi600\ecbx1200.p
k> <C:\Users\gonzalo\AppData\Local\MiKTeX\2.9\fonts\pk\ljfour\jknappen\ec\dpi60
0\ecbx1440.pk> <C:\Users\gonzalo\AppData\Local\MiKTeX\2.9\fonts\pk\ljfour\jknap
pen\ec\dpi600\ecbx2074.pk><C:/Program Files/MiKTeX 2.9/fonts/type1/urw/helvetic
/uhvr8a.pfb><C:/Program Files/MiKTeX 2.9/fonts/type1/urw/times/utmr8a.pfb>
Output written on TFMTeXiS.pdf (61 pages, 3735744 bytes).
PDF statistics:
 1328 PDF objects out of 1440 (max. 8388607)
 166 named destinations out of 1000 (max. 500000)
 406 words of extra memory for PDF output out of 10000 (max. 10000000)

